# JRE version: OpenJDK Runtime Environment (15.0+36) (build 15+36-1562)
# Java VM: OpenJDK 64-Bit Server VM (15+36-1562, mixed mode, sharing, tiered, compressed oops, g1 gc, windows-amd64)
GC Precious Log:
 CPUs: 8 total, 8 available
 Memory: 6082M
 Large Page Support: Disabled
 NUMA Support: Disabled
 Compressed Oops: Enabled (32-bit)
 Heap Region Size: 1M
 Heap Min Capacity: 8M
 Heap Initial Capacity: 96M
 Heap Max Capacity: 1522M
 Pre-touch: Disabled
 Parallel Workers: 8
 Concurrent Workers: 2
 Concurrent Refinement Workers: 8
 Periodic GC: Disabled
Heap:
 garbage-first heap   total 208896K, used 60928K [0x00000000a0e00000, 0x0000000100000000)
  region size 1024K, 5 young (5120K), 5 survivors (5120K)
 Metaspace       used 10127K, capacity 12993K, committed 13184K, reserved 1060864K
  class space    used 1051K, capacity 1327K, committed 1408K, reserved 1048576K
GC Heap History (9 events):
Event: 0.745 GC heap before
{Heap before GC invocations=0 (full 0):
 garbage-first heap   total 98304K, used 26624K [0x00000000a0e00000, 0x0000000100000000)
  region size 1024K, 23 young (23552K), 0 survivors (0K)
 Metaspace       used 6855K, capacity 10043K, committed 10240K, reserved 1058816K
  class space    used 703K, capacity 1005K, committed 1024K, reserved 1048576K
}
Event: 0.751 GC heap after
{Heap after GC invocations=1 (full 0):
 garbage-first heap   total 98304K, used 5663K [0x00000000a0e00000, 0x0000000100000000)
  region size 1024K, 3 young (3072K), 3 survivors (3072K)
 Metaspace       used 6855K, capacity 10043K, committed 10240K, reserved 1058816K
  class space    used 703K, capacity 1005K, committed 1024K, reserved 1048576K
}
Event: 1.342 GC heap before
{Heap before GC invocations=1 (full 0):
 garbage-first heap   total 98304K, used 37407K [0x00000000a0e00000, 0x0000000100000000)
  region size 1024K, 35 young (35840K), 3 survivors (3072K)
 Metaspace       used 10010K, capacity 12929K, committed 13184K, reserved 1060864K
  class space    used 1051K, capacity 1327K, committed 1408K, reserved 1048576K
}
Event: 1.372 GC heap after
{Heap after GC invocations=2 (full 0):
 garbage-first heap   total 98304K, used 13060K [0x00000000a0e00000, 0x0000000100000000)
  region size 1024K, 5 young (5120K), 5 survivors (5120K)
 Metaspace       used 10010K, capacity 12929K, committed 13184K, reserved 1060864K
  class space    used 1051K, capacity 1327K, committed 1408K, reserved 1048576K
}
Event: 1.887 GC heap before
{Heap before GC invocations=2 (full 0):
 garbage-first heap   total 98304K, used 88836K [0x00000000a0e00000, 0x0000000100000000)
  region size 1024K, 55 young (56320K), 5 survivors (5120K)
 Metaspace       used 10101K, capacity 12993K, committed 13184K, reserved 1060864K
  class space    used 1051K, capacity 1327K, committed 1408K, reserved 1048576K
}
Event: 1.940 GC heap after
{Heap after GC invocations=3 (full 0):
 garbage-first heap   total 110592K, used 32281K [0x00000000a0e00000, 0x0000000100000000)
  region size 1024K, 7 young (7168K), 7 survivors (7168K)
 Metaspace       used 10101K, capacity 12993K, committed 13184K, reserved 1060864K
  class space    used 1051K, capacity 1327K, committed 1408K, reserved 1048576K
}
Event: 2.130 GC heap before
{Heap before GC invocations=3 (full 0):
 garbage-first heap   total 110592K, used 72217K [0x00000000a0e00000, 0x0000000100000000)
  region size 1024K, 42 young (43008K), 7 survivors (7168K)
 Metaspace       used 10108K, capacity 12993K, committed 13184K, reserved 1060864K
  class space    used 1051K, capacity 1327K, committed 1408K, reserved 1048576K
}
Event: 2.184 GC heap after
{Heap after GC invocations=4 (full 0):
 garbage-first heap   total 110592K, used 41472K [0x00000000a0e00000, 0x0000000100000000)
  region size 1024K, 6 young (6144K), 6 survivors (6144K)
 Metaspace       used 10108K, capacity 12993K, committed 13184K, reserved 1060864K
  class space    used 1051K, capacity 1327K, committed 1408K, reserved 1048576K
}
Event: 2.340 GC heap before
{Heap before GC invocations=4 (full 0):
 garbage-first heap   total 110592K, used 84480K [0x00000000a0e00000, 0x0000000100000000)
  region size 1024K, 37 young (37888K), 6 survivors (6144K)
 Metaspace       used 10127K, capacity 12993K, committed 13184K, reserved 1060864K
  class space    used 1051K, capacity 1327K, committed 1408K, reserved 1048576K
}

