# JRE version: OpenJDK Runtime Environment (15.0+36) (build 15+36-1562)
# Java VM: OpenJDK 64-Bit Server VM (15+36-1562, mixed mode, sharing, tiered, compressed oops, g1 gc, windows-amd64)
GC Precious Log:
 CPUs: 8 total, 8 available
 Memory: 6082M
 Large Page Support: Disabled
 NUMA Support: Disabled
 Compressed Oops: Enabled (32-bit)
 Heap Region Size: 1M
 Heap Min Capacity: 8M
 Heap Initial Capacity: 96M
 Heap Max Capacity: 1522M
 Pre-touch: Disabled
 Parallel Workers: 8
 Concurrent Workers: 2
 Concurrent Refinement Workers: 8
 Periodic GC: Disabled
Heap:
 garbage-first heap   total 395264K, used 142848K [0x00000000a0e00000, 0x0000000100000000)
  region size 1024K, 4 young (4096K), 4 survivors (4096K)
 Metaspace       used 10174K, capacity 12993K, committed 13184K, reserved 1060864K
  class space    used 1052K, capacity 1327K, committed 1408K, reserved 1048576K
GC Heap History (17 events):
Event: 0.769 GC heap before
{Heap before GC invocations=0 (full 0):
 garbage-first heap   total 98304K, used 26624K [0x00000000a0e00000, 0x0000000100000000)
  region size 1024K, 23 young (23552K), 0 survivors (0K)
 Metaspace       used 6854K, capacity 10043K, committed 10240K, reserved 1058816K
  class space    used 703K, capacity 1005K, committed 1024K, reserved 1048576K
}
Event: 0.774 GC heap after
{Heap after GC invocations=1 (full 0):
 garbage-first heap   total 98304K, used 5684K [0x00000000a0e00000, 0x0000000100000000)
  region size 1024K, 3 young (3072K), 3 survivors (3072K)
 Metaspace       used 6854K, capacity 10043K, committed 10240K, reserved 1058816K
  class space    used 703K, capacity 1005K, committed 1024K, reserved 1048576K
}
Event: 1.351 GC heap before
{Heap before GC invocations=1 (full 0):
 garbage-first heap   total 98304K, used 37428K [0x00000000a0e00000, 0x0000000100000000)
  region size 1024K, 35 young (35840K), 3 survivors (3072K)
 Metaspace       used 10017K, capacity 12929K, committed 13184K, reserved 1060864K
  class space    used 1051K, capacity 1327K, committed 1408K, reserved 1048576K
}
Event: 1.372 GC heap after
{Heap after GC invocations=2 (full 0):
 garbage-first heap   total 98304K, used 12796K [0x00000000a0e00000, 0x0000000100000000)
  region size 1024K, 5 young (5120K), 5 survivors (5120K)
 Metaspace       used 10017K, capacity 12929K, committed 13184K, reserved 1060864K
  class space    used 1051K, capacity 1327K, committed 1408K, reserved 1048576K
}
Event: 1.812 GC heap before
{Heap before GC invocations=2 (full 0):
 garbage-first heap   total 98304K, used 88572K [0x00000000a0e00000, 0x0000000100000000)
  region size 1024K, 55 young (56320K), 5 survivors (5120K)
 Metaspace       used 10103K, capacity 12993K, committed 13184K, reserved 1060864K
  class space    used 1051K, capacity 1327K, committed 1408K, reserved 1048576K
}
Event: 1.868 GC heap after
{Heap after GC invocations=3 (full 0):
 garbage-first heap   total 111616K, used 33718K [0x00000000a0e00000, 0x0000000100000000)
  region size 1024K, 7 young (7168K), 7 survivors (7168K)
 Metaspace       used 10103K, capacity 12993K, committed 13184K, reserved 1060864K
  class space    used 1051K, capacity 1327K, committed 1408K, reserved 1048576K
}
Event: 2.094 GC heap before
{Heap before GC invocations=3 (full 0):
 garbage-first heap   total 111616K, used 73654K [0x00000000a0e00000, 0x0000000100000000)
  region size 1024K, 42 young (43008K), 7 survivors (7168K)
 Metaspace       used 10108K, capacity 12993K, committed 13184K, reserved 1060864K
  class space    used 1051K, capacity 1327K, committed 1408K, reserved 1048576K
}
Event: 2.138 GC heap after
{Heap after GC invocations=4 (full 0):
 garbage-first heap   total 111616K, used 43520K [0x00000000a0e00000, 0x0000000100000000)
  region size 1024K, 6 young (6144K), 6 survivors (6144K)
 Metaspace       used 10108K, capacity 12993K, committed 13184K, reserved 1060864K
  class space    used 1051K, capacity 1327K, committed 1408K, reserved 1048576K
}
Event: 2.387 GC heap before
{Heap before GC invocations=4 (full 0):
 garbage-first heap   total 111616K, used 86528K [0x00000000a0e00000, 0x0000000100000000)
  region size 1024K, 37 young (37888K), 6 survivors (6144K)
 Metaspace       used 10127K, capacity 12993K, committed 13184K, reserved 1060864K
  class space    used 1051K, capacity 1327K, committed 1408K, reserved 1048576K
}
Event: 2.428 GC heap after
{Heap after GC invocations=5 (full 0):
 garbage-first heap   total 197632K, used 62976K [0x00000000a0e00000, 0x0000000100000000)
  region size 1024K, 5 young (5120K), 5 survivors (5120K)
 Metaspace       used 10127K, capacity 12993K, committed 13184K, reserved 1060864K
  class space    used 1051K, capacity 1327K, committed 1408K, reserved 1048576K
}
Event: 2.809 GC heap before
{Heap before GC invocations=5 (full 0):
 garbage-first heap   total 197632K, used 135680K [0x00000000a0e00000, 0x0000000100000000)
  region size 1024K, 61 young (62464K), 5 survivors (5120K)
 Metaspace       used 10162K, capacity 12993K, committed 13184K, reserved 1060864K
  class space    used 1052K, capacity 1327K, committed 1408K, reserved 1048576K
}
Event: 2.843 GC heap after
{Heap after GC invocations=6 (full 0):
 garbage-first heap   total 197632K, used 81920K [0x00000000a0e00000, 0x0000000100000000)
  region size 1024K, 8 young (8192K), 8 survivors (8192K)
 Metaspace       used 10162K, capacity 12993K, committed 13184K, reserved 1060864K
  class space    used 1052K, capacity 1327K, committed 1408K, reserved 1048576K
}
Event: 3.090 GC heap before
{Heap before GC invocations=6 (full 0):
 garbage-first heap   total 197632K, used 132096K [0x00000000a0e00000, 0x0000000100000000)
  region size 1024K, 57 young (58368K), 8 survivors (8192K)
 Metaspace       used 10162K, capacity 12993K, committed 13184K, reserved 1060864K
  class space    used 1052K, capacity 1327K, committed 1408K, reserved 1048576K
}
Event: 3.133 GC heap after
{Heap after GC invocations=7 (full 0):
 garbage-first heap   total 197632K, used 98816K [0x00000000a0e00000, 0x0000000100000000)
  region size 1024K, 8 young (8192K), 8 survivors (8192K)
 Metaspace       used 10162K, capacity 12993K, committed 13184K, reserved 1060864K
  class space    used 1052K, capacity 1327K, committed 1408K, reserved 1048576K
}
Event: 3.316 GC heap before
{Heap before GC invocations=7 (full 0):
 garbage-first heap   total 197632K, used 139776K [0x00000000a0e00000, 0x0000000100000000)
  region size 1024K, 48 young (49152K), 8 survivors (8192K)
 Metaspace       used 10174K, capacity 12993K, committed 13184K, reserved 1060864K
  class space    used 1052K, capacity 1327K, committed 1408K, reserved 1048576K
}
Event: 3.360 GC heap after
{Heap after GC invocations=8 (full 0):
 garbage-first heap   total 197632K, used 120320K [0x00000000a0e00000, 0x0000000100000000)
  region size 1024K, 6 young (6144K), 6 survivors (6144K)
 Metaspace       used 10174K, capacity 12993K, committed 13184K, reserved 1060864K
  class space    used 1052K, capacity 1327K, committed 1408K, reserved 1048576K
}
Event: 3.447 GC heap before
{Heap before GC invocations=8 (full 0):
 garbage-first heap   total 197632K, used 144896K [0x00000000a0e00000, 0x0000000100000000)
  region size 1024K, 30 young (30720K), 6 survivors (6144K)
 Metaspace       used 10174K, capacity 12993K, committed 13184K, reserved 1060864K
  class space    used 1052K, capacity 1327K, committed 1408K, reserved 1048576K
}

